  [1m[35m (0.1ms)[0m  [1m[34mSELECT sqlite_version(*)[0m
  ↳ bin/rails:4
  [1m[35m (16.6ms)[0m  [1m[35mCREATE TABLE "schema_migrations" ("version" varchar NOT NULL PRIMARY KEY)[0m
  ↳ bin/rails:4
  [1m[35m (12.0ms)[0m  [1m[35mCREATE TABLE "ar_internal_metadata" ("key" varchar NOT NULL PRIMARY KEY, "value" varchar, "created_at" datetime NOT NULL, "updated_at" datetime NOT NULL)[0m
  ↳ bin/rails:4
  [1m[35m (0.6ms)[0m  [1m[34mSELECT "schema_migrations"."version" FROM "schema_migrations" ORDER BY "schema_migrations"."version" ASC[0m
  ↳ bin/rails:4
Migrating to CreateMakes (20191202075518)
  [1m[35m (0.1ms)[0m  [1m[36mbegin transaction[0m
  ↳ bin/rails:4
  [1m[35m (1.6ms)[0m  [1m[35mCREATE TABLE "makes" ("id" integer PRIMARY KEY AUTOINCREMENT NOT NULL, "name" varchar, "country" varchar, "created_at" datetime NOT NULL, "updated_at" datetime NOT NULL)[0m
  ↳ db/migrate/20191202075518_create_makes.rb:3
  [1m[36mActiveRecord::SchemaMigration Create (0.2ms)[0m  [1m[32mINSERT INTO "schema_migrations" ("version") VALUES (?)[0m  [["version", "20191202075518"]]
  ↳ bin/rails:4
  [1m[35m (11.2ms)[0m  [1m[36mcommit transaction[0m
  ↳ bin/rails:4
Migrating to CreateCars (20191202075605)
  [1m[35m (0.1ms)[0m  [1m[36mbegin transaction[0m
  ↳ bin/rails:4
  [1m[35m (1.2ms)[0m  [1m[35mCREATE TABLE "cars" ("id" integer PRIMARY KEY AUTOINCREMENT NOT NULL, "make" varchar, "model" varchar, "vin" varchar, "make_id" integer, "created_at" datetime NOT NULL, "updated_at" datetime NOT NULL, CONSTRAINT "fk_rails_e1be1c3de1"
FOREIGN KEY ("make_id")
  REFERENCES "makes" ("id")
)[0m
  ↳ db/migrate/20191202075605_create_cars.rb:3
  [1m[35m (0.2ms)[0m  [1m[35mCREATE  INDEX "index_cars_on_make_id" ON "cars" ("make_id")[0m
  ↳ db/migrate/20191202075605_create_cars.rb:3
  [1m[36mActiveRecord::SchemaMigration Create (0.2ms)[0m  [1m[32mINSERT INTO "schema_migrations" ("version") VALUES (?)[0m  [["version", "20191202075605"]]
  ↳ bin/rails:4
  [1m[35m (10.1ms)[0m  [1m[36mcommit transaction[0m
  ↳ bin/rails:4
Migrating to CreateParts (20191202075630)
  [1m[35m (0.1ms)[0m  [1m[36mbegin transaction[0m
  ↳ bin/rails:4
  [1m[35m (1.3ms)[0m  [1m[35mCREATE TABLE "parts" ("id" integer PRIMARY KEY AUTOINCREMENT NOT NULL, "name" varchar, "created_at" datetime NOT NULL, "updated_at" datetime NOT NULL)[0m
  ↳ db/migrate/20191202075630_create_parts.rb:3
  [1m[36mActiveRecord::SchemaMigration Create (0.3ms)[0m  [1m[32mINSERT INTO "schema_migrations" ("version") VALUES (?)[0m  [["version", "20191202075630"]]
  ↳ bin/rails:4
  [1m[35m (11.5ms)[0m  [1m[36mcommit transaction[0m
  ↳ bin/rails:4
Migrating to CreateCarsParts (20191202075645)
  [1m[35m (0.1ms)[0m  [1m[36mbegin transaction[0m
  ↳ bin/rails:4
  [1m[35m (2.6ms)[0m  [1m[35mCREATE TABLE "cars_parts" ("id" integer PRIMARY KEY AUTOINCREMENT NOT NULL, "car_id" integer, "part_id" integer, "created_at" datetime NOT NULL, "updated_at" datetime NOT NULL, CONSTRAINT "fk_rails_43254a5923"
FOREIGN KEY ("car_id")
  REFERENCES "cars" ("id")
, CONSTRAINT "fk_rails_9d26199074"
FOREIGN KEY ("part_id")
  REFERENCES "parts" ("id")
)[0m
  ↳ db/migrate/20191202075645_create_cars_parts.rb:3
  [1m[35m (0.4ms)[0m  [1m[35mCREATE  INDEX "index_cars_parts_on_car_id" ON "cars_parts" ("car_id")[0m
  ↳ db/migrate/20191202075645_create_cars_parts.rb:3
  [1m[35m (0.4ms)[0m  [1m[35mCREATE  INDEX "index_cars_parts_on_part_id" ON "cars_parts" ("part_id")[0m
  ↳ db/migrate/20191202075645_create_cars_parts.rb:3
  [1m[36mActiveRecord::SchemaMigration Create (0.4ms)[0m  [1m[32mINSERT INTO "schema_migrations" ("version") VALUES (?)[0m  [["version", "20191202075645"]]
  ↳ bin/rails:4
  [1m[35m (11.8ms)[0m  [1m[36mcommit transaction[0m
  ↳ bin/rails:4
  [1m[36mActiveRecord::InternalMetadata Load (0.7ms)[0m  [1m[34mSELECT  "ar_internal_metadata".* FROM "ar_internal_metadata" WHERE "ar_internal_metadata"."key" = ? LIMIT ?[0m  [["key", "environment"], ["LIMIT", 1]]
  ↳ bin/rails:4
  [1m[35m (0.1ms)[0m  [1m[36mbegin transaction[0m
  ↳ bin/rails:4
  [1m[36mActiveRecord::InternalMetadata Create (2.4ms)[0m  [1m[32mINSERT INTO "ar_internal_metadata" ("key", "value", "created_at", "updated_at") VALUES (?, ?, ?, ?)[0m  [["key", "environment"], ["value", "development"], ["created_at", "2019-12-02 07:56:58.949228"], ["updated_at", "2019-12-02 07:56:58.949228"]]
  ↳ bin/rails:4
  [1m[35m (12.8ms)[0m  [1m[36mcommit transaction[0m
  ↳ bin/rails:4
  [1m[35m (0.6ms)[0m  [1m[34mSELECT "schema_migrations"."version" FROM "schema_migrations" ORDER BY "schema_migrations"."version" ASC[0m
  ↳ bin/rails:4
Started GET "/" for ::1 at 2019-12-02 01:00:02 -0700
  [1m[35m (0.5ms)[0m  [1m[34mSELECT "schema_migrations"."version" FROM "schema_migrations" ORDER BY "schema_migrations"."version" ASC[0m
  ↳ C:/Ruby24-x64/lib/ruby/gems/2.4.0/gems/activerecord-5.2.4/lib/active_record/log_subscriber.rb:98
Processing by Rails::WelcomeController#index as HTML
  Rendering C:/Ruby24-x64/lib/ruby/gems/2.4.0/gems/railties-5.2.4/lib/rails/templates/rails/welcome/index.html.erb
  Rendered C:/Ruby24-x64/lib/ruby/gems/2.4.0/gems/railties-5.2.4/lib/rails/templates/rails/welcome/index.html.erb (4.5ms)
Completed 200 OK in 95ms (Views: 49.6ms | ActiveRecord: 0.0ms)


Started GET "/cars" for ::1 at 2019-12-02 01:00:17 -0700
Processing by CarsController#index as HTML
  Rendering cars/index.html.erb within layouts/application
  [1m[36mCar Load (0.3ms)[0m  [1m[34mSELECT "cars".* FROM "cars"[0m
  ↳ app/views/cars/index.html.erb:17
  Rendered cars/index.html.erb within layouts/application (4.5ms)
Completed 200 OK in 640ms (Views: 603.6ms | ActiveRecord: 0.7ms)


Started GET "/cars/new" for ::1 at 2019-12-02 01:00:21 -0700
Processing by CarsController#new as HTML
  Rendering cars/new.html.erb within layouts/application
  Rendered cars/_form.html.erb (45.6ms)
  Rendered cars/new.html.erb within layouts/application (68.5ms)
Completed 200 OK in 246ms (Views: 217.3ms | ActiveRecord: 1.7ms)


Started GET "/cars" for ::1 at 2019-12-02 01:08:31 -0700
  [1m[35m (0.3ms)[0m  [1m[34mSELECT "schema_migrations"."version" FROM "schema_migrations" ORDER BY "schema_migrations"."version" ASC[0m
  ↳ C:/Ruby24-x64/lib/ruby/gems/2.4.0/gems/activerecord-5.2.4/lib/active_record/log_subscriber.rb:98
Processing by CarsController#index as HTML
  Rendering cars/index.html.erb within layouts/application
  [1m[36mCar Load (0.3ms)[0m  [1m[34mSELECT "cars".* FROM "cars"[0m
  ↳ app/views/cars/index.html.erb:17
  Rendered cars/index.html.erb within layouts/application (6.5ms)
Completed 200 OK in 367ms (Views: 313.7ms | ActiveRecord: 1.1ms)


Started GET "/cars/new" for ::1 at 2019-12-02 01:08:34 -0700
Processing by CarsController#new as HTML
Completed 500 Internal Server Error in 19ms (ActiveRecord: 1.5ms)


  
NameError (undefined local variable or method `parts' for #<Class:0x000000000ad9cf88>
Did you mean?  parents):
  
app/models/part.rb:2:in `<class:Part>'
app/models/part.rb:1:in `<top (required)>'
app/controllers/cars_controller.rb:18:in `new'
Started GET "/cars/new" for ::1 at 2019-12-02 01:08:53 -0700
Processing by CarsController#new as HTML
  Rendering cars/new.html.erb within layouts/application
  Rendered cars/_form.html.erb (50.4ms)
  Rendered cars/new.html.erb within layouts/application (73.0ms)
Completed 200 OK in 271ms (Views: 224.0ms | ActiveRecord: 1.3ms)


Started GET "/cars" for ::1 at 2019-12-02 01:16:55 -0700
Processing by CarsController#index as HTML
  Rendering cars/index.html.erb within layouts/application
  [1m[36mCar Load (0.2ms)[0m  [1m[34mSELECT "cars".* FROM "cars"[0m
  ↳ app/views/cars/index.html.erb:17
  Rendered cars/index.html.erb within layouts/application (3.7ms)
Completed 200 OK in 119ms (Views: 95.8ms | ActiveRecord: 0.2ms)


Started GET "/cars/new" for ::1 at 2019-12-02 01:16:57 -0700
Processing by CarsController#new as HTML
  Rendering cars/new.html.erb within layouts/application
  [1m[36mMake Load (0.4ms)[0m  [1m[34mSELECT "makes".* FROM "makes"[0m
  ↳ app/views/cars/_form.html.erb:31
  Rendered cars/_form.html.erb (61.7ms)
  Rendered cars/new.html.erb within layouts/application (84.3ms)
Completed 500 Internal Server Error in 172ms (ActiveRecord: 0.9ms)


  
ActionView::Template::Error (uninitialized constant Car::CarPart):
    33: 
    34:   <div class="field">
    35:     <%= form.label :part_id %><br>
    36:     <%= form.collection_select(:part_ids, @parts, :id, :name) %>
    37:   </div>
    38: 
    39:   <div class="actions">
  
app/views/cars/_form.html.erb:36:in `block in _app_views_cars__form_html_erb__827355665_104638880'
app/views/cars/_form.html.erb:1:in `_app_views_cars__form_html_erb__827355665_104638880'
app/views/cars/new.html.erb:3:in `_app_views_cars_new_html_erb__505848402_104628040'
Started GET "/cars/new" for ::1 at 2019-12-02 01:18:31 -0700
Processing by CarsController#new as HTML
  Rendering cars/new.html.erb within layouts/application
  [1m[36mMake Load (0.2ms)[0m  [1m[34mSELECT "makes".* FROM "makes"[0m
  ↳ app/views/cars/_form.html.erb:31
  [1m[36mPart Load (0.3ms)[0m  [1m[34mSELECT "parts".* FROM "parts"[0m
  ↳ app/views/cars/_form.html.erb:36
  Rendered cars/_form.html.erb (61.4ms)
  Rendered cars/new.html.erb within layouts/application (83.1ms)
Completed 200 OK in 226ms (Views: 200.1ms | ActiveRecord: 1.9ms)


Started GET "/cars/new" for ::1 at 2019-12-02 01:20:23 -0700
Processing by CarsController#new as HTML
  Rendering cars/new.html.erb within layouts/application
  [1m[36mMake Load (0.3ms)[0m  [1m[34mSELECT "makes".* FROM "makes"[0m
  ↳ app/views/cars/_form.html.erb:31
  [1m[36mPart Load (0.3ms)[0m  [1m[34mSELECT "parts".* FROM "parts"[0m
  ↳ app/views/cars/_form.html.erb:36
  Rendered cars/_form.html.erb (9.6ms)
  Rendered cars/new.html.erb within layouts/application (31.5ms)
Completed 200 OK in 195ms (Views: 169.7ms | ActiveRecord: 0.6ms)


Started GET "/makes" for ::1 at 2019-12-02 01:20:33 -0700
Processing by MakesController#index as HTML
  Rendering makes/index.html.erb within layouts/application
  [1m[36mMake Load (0.3ms)[0m  [1m[34mSELECT "makes".* FROM "makes"[0m
  ↳ app/views/makes/index.html.erb:15
  Rendered makes/index.html.erb within layouts/application (3.8ms)
Completed 200 OK in 137ms (Views: 116.1ms | ActiveRecord: 0.3ms)


Started GET "/makes/new" for ::1 at 2019-12-02 01:20:35 -0700
Processing by MakesController#new as HTML
  Rendering makes/new.html.erb within layouts/application
  Rendered makes/_form.html.erb (2.4ms)
  Rendered makes/new.html.erb within layouts/application (18.4ms)
Completed 200 OK in 158ms (Views: 113.3ms | ActiveRecord: 1.8ms)


Started POST "/makes" for ::1 at 2019-12-02 01:20:43 -0700
Processing by MakesController#create as HTML
  Parameters: {"utf8"=>"✓", "authenticity_token"=>"K8LsOab4n5Ao9bS8P/oNYkPpkg6BnkSKFfVM4xgJ5FRdlR6rtQQvJrAFj58o6LrWTPvPCC84MTQScnq/b9ySpA==", "make"=>{"name"=>"Honda", "country"=>"Japan"}, "commit"=>"Create Make"}
  [1m[35m (0.1ms)[0m  [1m[36mbegin transaction[0m
  ↳ app/controllers/makes_controller.rb:30
  [1m[36mMake Create (1.2ms)[0m  [1m[32mINSERT INTO "makes" ("name", "country", "created_at", "updated_at") VALUES (?, ?, ?, ?)[0m  [["name", "Honda"], ["country", "Japan"], ["created_at", "2019-12-02 08:20:43.527148"], ["updated_at", "2019-12-02 08:20:43.527148"]]
  ↳ app/controllers/makes_controller.rb:30
  [1m[35m (11.3ms)[0m  [1m[36mcommit transaction[0m
  ↳ app/controllers/makes_controller.rb:30
Redirected to http://localhost:3000/makes/1
Completed 302 Found in 41ms (ActiveRecord: 12.6ms)


Started GET "/makes/1" for ::1 at 2019-12-02 01:20:43 -0700
Processing by MakesController#show as HTML
  Parameters: {"id"=>"1"}
  [1m[36mMake Load (0.3ms)[0m  [1m[34mSELECT  "makes".* FROM "makes" WHERE "makes"."id" = ? LIMIT ?[0m  [["id", 1], ["LIMIT", 1]]
  ↳ app/controllers/makes_controller.rb:67
  Rendering makes/show.html.erb within layouts/application
  [1m[36mCar Load (0.3ms)[0m  [1m[34mSELECT "cars".* FROM "cars" WHERE "cars"."make_id" = ?[0m  [["make_id", 1]]
  ↳ app/views/makes/show.html.erb:14
  Rendered makes/show.html.erb within layouts/application (12.4ms)
Completed 200 OK in 182ms (Views: 141.8ms | ActiveRecord: 0.6ms)


Started GET "/parts" for ::1 at 2019-12-02 01:20:50 -0700
Processing by PartsController#index as HTML
  Rendering parts/index.html.erb within layouts/application
  [1m[36mPart Load (0.3ms)[0m  [1m[34mSELECT "parts".* FROM "parts"[0m
  ↳ app/views/parts/index.html.erb:14
  Rendered parts/index.html.erb within layouts/application (3.1ms)
Completed 200 OK in 139ms (Views: 118.2ms | ActiveRecord: 0.3ms)


Started GET "/parts/new" for ::1 at 2019-12-02 01:20:52 -0700
Processing by PartsController#new as HTML
  Rendering parts/new.html.erb within layouts/application
  Rendered parts/_form.html.erb (20.2ms)
  Rendered parts/new.html.erb within layouts/application (36.1ms)
Completed 500 Internal Server Error in 109ms (ActiveRecord: 0.5ms)


  
ActionView::Template::Error (uninitialized constant Part::CarPart):
    18: 
    19:   <div class="field">
    20:     <%= form.label :car_id %><br>
    21:     <%= form.collection_select(:car_ids, @cars, :id, :name) %>
    22:   </div>
    23: 
    24:   <div class="actions">
  
app/views/parts/_form.html.erb:21:in `block in _app_views_parts__form_html_erb__354217097_108583300'
app/views/parts/_form.html.erb:1:in `_app_views_parts__form_html_erb__354217097_108583300'
app/views/parts/new.html.erb:3:in `_app_views_parts_new_html_erb__766844998_108615940'
Started GET "/parts/new" for ::1 at 2019-12-02 01:22:09 -0700
Processing by PartsController#new as HTML
  Rendering parts/new.html.erb within layouts/application
  Rendered parts/_form.html.erb (2.7ms)
  Rendered parts/new.html.erb within layouts/application (22.4ms)
Completed 200 OK in 162ms (Views: 139.1ms | ActiveRecord: 0.0ms)


Started POST "/parts" for ::1 at 2019-12-02 01:22:14 -0700
Processing by PartsController#create as HTML
  Parameters: {"utf8"=>"✓", "authenticity_token"=>"aFROJmdA0PnZfME2MF0a/MzOhxfiE79gSP1heJ18fR5wMbTKfqnot6KC2Sefr54TXUPBMLBiiBzoFyC9a62P9Q==", "part"=>{"name"=>"Brakes"}, "commit"=>"Create Part"}
  [1m[35m (0.1ms)[0m  [1m[36mbegin transaction[0m
  ↳ app/controllers/parts_controller.rb:32
  [1m[36mPart Create (1.2ms)[0m  [1m[32mINSERT INTO "parts" ("name", "created_at", "updated_at") VALUES (?, ?, ?)[0m  [["name", "Brakes"], ["created_at", "2019-12-02 08:22:14.964007"], ["updated_at", "2019-12-02 08:22:14.964007"]]
  ↳ app/controllers/parts_controller.rb:32
  [1m[35m (10.5ms)[0m  [1m[36mcommit transaction[0m
  ↳ app/controllers/parts_controller.rb:32
Redirected to http://localhost:3000/parts/1
Completed 302 Found in 23ms (ActiveRecord: 11.7ms)


Started GET "/parts/1" for ::1 at 2019-12-02 01:22:15 -0700
Processing by PartsController#show as HTML
  Parameters: {"id"=>"1"}
  [1m[36mPart Load (0.7ms)[0m  [1m[34mSELECT  "parts".* FROM "parts" WHERE "parts"."id" = ? LIMIT ?[0m  [["id", 1], ["LIMIT", 1]]
  ↳ app/controllers/parts_controller.rb:69
  Rendering parts/show.html.erb within layouts/application
  Rendered parts/show.html.erb within layouts/application (24.0ms)
Completed 500 Internal Server Error in 116ms (ActiveRecord: 0.7ms)


  
ActionView::Template::Error (uninitialized constant Part::CarPart):
     6: </p>
     7: 
     8: <ul>
     9:   <% @part.cars.each do |car| %>
    10:     <li><%= car.name %></li>
    11:   <% end %>
    12: </ul>
  
app/views/parts/show.html.erb:9:in `_app_views_parts_show_html_erb__767440887_107164400'
Started POST "/__web_console/repl_sessions/7b765adefcbae52c52f3438a94982a85/trace" for ::1 at 2019-12-02 01:22:24 -0700
Started GET "/parts/1" for ::1 at 2019-12-02 01:23:02 -0700
Processing by PartsController#show as HTML
  Parameters: {"id"=>"1"}
  [1m[36mPart Load (0.2ms)[0m  [1m[34mSELECT  "parts".* FROM "parts" WHERE "parts"."id" = ? LIMIT ?[0m  [["id", 1], ["LIMIT", 1]]
  ↳ app/controllers/parts_controller.rb:69
  Rendering parts/show.html.erb within layouts/application
  Rendered parts/show.html.erb within layouts/application (0.7ms)
Completed 200 OK in 146ms (Views: 119.4ms | ActiveRecord: 0.2ms)


Started GET "/parts/1/edit" for ::1 at 2019-12-02 01:23:06 -0700
Processing by PartsController#edit as HTML
  Parameters: {"id"=>"1"}
  [1m[36mPart Load (0.4ms)[0m  [1m[34mSELECT  "parts".* FROM "parts" WHERE "parts"."id" = ? LIMIT ?[0m  [["id", 1], ["LIMIT", 1]]
  ↳ app/controllers/parts_controller.rb:69
  Rendering parts/edit.html.erb within layouts/application
  Rendered parts/_form.html.erb (1.9ms)
  Rendered parts/edit.html.erb within layouts/application (25.9ms)
Completed 200 OK in 208ms (Views: 181.1ms | ActiveRecord: 0.4ms)


Started GET "/cars" for ::1 at 2019-12-02 01:23:11 -0700
Processing by CarsController#index as HTML
  Rendering cars/index.html.erb within layouts/application
  [1m[36mCar Load (0.4ms)[0m  [1m[34mSELECT "cars".* FROM "cars"[0m
  ↳ app/views/cars/index.html.erb:17
  Rendered cars/index.html.erb within layouts/application (4.4ms)
Completed 200 OK in 137ms (Views: 113.2ms | ActiveRecord: 0.4ms)


Started GET "/cars/new" for ::1 at 2019-12-02 01:23:12 -0700
Processing by CarsController#new as HTML
  Rendering cars/new.html.erb within layouts/application
  [1m[36mMake Load (0.2ms)[0m  [1m[34mSELECT "makes".* FROM "makes"[0m
  ↳ app/views/cars/_form.html.erb:31
  [1m[36mPart Load (0.2ms)[0m  [1m[34mSELECT "parts".* FROM "parts"[0m
  ↳ app/views/cars/_form.html.erb:36
  Rendered cars/_form.html.erb (34.3ms)
  Rendered cars/new.html.erb within layouts/application (50.8ms)
Completed 500 Internal Server Error in 123ms (ActiveRecord: 0.3ms)


  
ActionView::Template::Error (undefined method `part_name' for #<Part:0x000000000c194cc0>
Did you mean?  Pathname):
    33: 
    34:   <div class="field">
    35:     <%= form.label :car_parts %><br>
    36:     <%= form.collection_check_boxes(:part_ids, @parts, :id, :part_name) %>
    37:   </div>
    38: 
    39:   <div class="actions">
  
app/views/cars/_form.html.erb:36:in `block in _app_views_cars__form_html_erb__827355665_98763940'
app/views/cars/_form.html.erb:1:in `_app_views_cars__form_html_erb__827355665_98763940'
app/views/cars/new.html.erb:3:in `_app_views_cars_new_html_erb__505848402_92349480'
Started GET "/cars/new" for ::1 at 2019-12-02 01:25:23 -0700
Processing by CarsController#new as HTML
  Rendering cars/new.html.erb within layouts/application
  [1m[36mMake Load (0.2ms)[0m  [1m[34mSELECT "makes".* FROM "makes"[0m
  ↳ app/views/cars/_form.html.erb:31
  [1m[36mPart Load (0.2ms)[0m  [1m[34mSELECT "parts".* FROM "parts"[0m
  ↳ app/views/cars/_form.html.erb:36
  Rendered cars/_form.html.erb (126.7ms)
  Rendered cars/new.html.erb within layouts/application (148.2ms)
Completed 500 Internal Server Error in 231ms (ActiveRecord: 0.5ms)


  
ActionView::Template::Error (uninitialized constant Car::CarPart):
    33: 
    34:   <div class="field">
    35:     <%= form.label :car_parts %><br>
    36:     <%= form.collection_check_boxes(:part_ids, @parts, :id, :name) %>
    37:   </div>
    38: 
    39:   <div class="actions">
  
app/views/cars/_form.html.erb:36:in `block in _app_views_cars__form_html_erb__827355665_104146580'
app/views/cars/_form.html.erb:1:in `_app_views_cars__form_html_erb__827355665_104146580'
app/views/cars/new.html.erb:3:in `_app_views_cars_new_html_erb__505848402_104171180'
Started GET "/cars" for ::1 at 2019-12-02 01:25:35 -0700
Processing by CarsController#index as HTML
  Rendering cars/index.html.erb within layouts/application
  [1m[36mCar Load (0.2ms)[0m  [1m[34mSELECT "cars".* FROM "cars"[0m
  ↳ app/views/cars/index.html.erb:17
  Rendered cars/index.html.erb within layouts/application (3.8ms)
Completed 200 OK in 140ms (Views: 119.4ms | ActiveRecord: 0.2ms)


Started GET "/cars/new" for ::1 at 2019-12-02 01:25:37 -0700
Processing by CarsController#new as HTML
  Rendering cars/new.html.erb within layouts/application
  [1m[36mMake Load (0.2ms)[0m  [1m[34mSELECT "makes".* FROM "makes"[0m
  ↳ app/views/cars/_form.html.erb:31
  [1m[36mPart Load (0.2ms)[0m  [1m[34mSELECT "parts".* FROM "parts"[0m
  ↳ app/views/cars/_form.html.erb:36
  Rendered cars/_form.html.erb (26.5ms)
  Rendered cars/new.html.erb within layouts/application (43.0ms)
Completed 500 Internal Server Error in 171ms (ActiveRecord: 0.3ms)


  
ActionView::Template::Error (uninitialized constant Car::CarPart):
    33: 
    34:   <div class="field">
    35:     <%= form.label :car_parts %><br>
    36:     <%= form.collection_check_boxes(:part_ids, @parts, :id, :name) %>
    37:   </div>
    38: 
    39:   <div class="actions">
  
app/views/cars/_form.html.erb:36:in `block in _app_views_cars__form_html_erb__827355665_88913400'
app/views/cars/_form.html.erb:1:in `_app_views_cars__form_html_erb__827355665_88913400'
app/views/cars/new.html.erb:3:in `_app_views_cars_new_html_erb__505848402_89407740'
Started GET "/cars" for ::1 at 2019-12-02 01:27:54 -0700
Processing by CarsController#index as HTML
  Rendering cars/index.html.erb within layouts/application
  [1m[36mCar Load (0.3ms)[0m  [1m[34mSELECT "cars".* FROM "cars"[0m
  ↳ app/views/cars/index.html.erb:17
  Rendered cars/index.html.erb within layouts/application (4.3ms)
Completed 200 OK in 133ms (Views: 110.4ms | ActiveRecord: 0.3ms)


Started GET "/cars/new" for ::1 at 2019-12-02 01:27:56 -0700
Processing by CarsController#new as HTML
  Rendering cars/new.html.erb within layouts/application
  [1m[36mMake Load (0.4ms)[0m  [1m[34mSELECT "makes".* FROM "makes"[0m
  ↳ app/views/cars/_form.html.erb:31
  [1m[36mPart Load (0.2ms)[0m  [1m[34mSELECT "parts".* FROM "parts"[0m
  ↳ app/views/cars/_form.html.erb:36
  Rendered cars/_form.html.erb (44.1ms)
  Rendered cars/new.html.erb within layouts/application (74.8ms)
Completed 500 Internal Server Error in 296ms (ActiveRecord: 0.6ms)


  
ActionView::Template::Error (undefined method `part_name' for #<Part:0x000000000c8ef768>
Did you mean?  Pathname):
    33: 
    34:   <div class="field">
    35:     <%= form.label :car_parts %><br>
    36:     <%= form.collection_check_boxes(:part_ids, @parts, :id, :part_name) %>
    37:   </div>
    38: 
    39:   <div class="actions">
  
app/views/cars/_form.html.erb:36:in `block in _app_views_cars__form_html_erb__827355665_105475280'
app/views/cars/_form.html.erb:1:in `_app_views_cars__form_html_erb__827355665_105475280'
app/views/cars/new.html.erb:3:in `_app_views_cars_new_html_erb__505848402_105507880'
Started GET "/cars/new" for ::1 at 2019-12-02 01:29:37 -0700
Processing by CarsController#new as HTML
  Rendering cars/new.html.erb within layouts/application
  [1m[36mMake Load (0.3ms)[0m  [1m[34mSELECT "makes".* FROM "makes"[0m
  ↳ app/views/cars/_form.html.erb:31
  Rendered cars/_form.html.erb (36.4ms)
  Rendered cars/new.html.erb within layouts/application (56.9ms)
Completed 500 Internal Server Error in 141ms (ActiveRecord: 0.3ms)


  
ActionView::Template::Error (uninitialized constant Car::CarPart):
    33: 
    34:   <div class="field">
    35:     <%= form.label :car_parts %><br>
    36:     <%= form.collection_select(:part_ids, @parts, :id, :name) %>
    37:   </div>
    38: 
    39:   <div class="actions">
  
app/views/cars/_form.html.erb:36:in `block in _app_views_cars__form_html_erb__827355665_106476800'
app/views/cars/_form.html.erb:1:in `_app_views_cars__form_html_erb__827355665_106476800'
app/views/cars/new.html.erb:3:in `_app_views_cars_new_html_erb__505848402_106509400'
Started GET "/cars/new" for ::1 at 2019-12-02 01:32:01 -0700
Processing by CarsController#new as HTML
  Rendering cars/new.html.erb within layouts/application
  [1m[36mMake Load (0.3ms)[0m  [1m[34mSELECT "makes".* FROM "makes"[0m
  ↳ app/views/cars/_form.html.erb:31
  Rendered cars/_form.html.erb (32.2ms)
  Rendered cars/new.html.erb within layouts/application (54.8ms)
Completed 500 Internal Server Error in 139ms (ActiveRecord: 0.3ms)


  
ActionView::Template::Error (uninitialized constant Car::CarPart):
    33: 
    34:   <div class="field">
    35:     <%= form.label :car_parts %><br>
    36:     <%= form.collection_select(:part_ids, @parts, :id, :name) %>
    37:   </div>
    38: 
    39:   <div class="actions">
  
app/views/cars/_form.html.erb:36:in `block in _app_views_cars__form_html_erb__827355665_104907540'
app/views/cars/_form.html.erb:1:in `_app_views_cars__form_html_erb__827355665_104907540'
app/views/cars/new.html.erb:3:in `_app_views_cars_new_html_erb__505848402_104940560'
Started GET "/carss" for ::1 at 2019-12-02 01:39:20 -0700
  [1m[35m (0.3ms)[0m  [1m[34mSELECT "schema_migrations"."version" FROM "schema_migrations" ORDER BY "schema_migrations"."version" ASC[0m
  ↳ C:/Ruby24-x64/lib/ruby/gems/2.4.0/gems/activerecord-5.2.4/lib/active_record/log_subscriber.rb:98
  
ActionController::RoutingError (No route matches [GET] "/carss"):
  
actionpack (5.2.4) lib/action_dispatch/middleware/debug_exceptions.rb:65:in `call'
web-console (3.7.0) lib/web_console/middleware.rb:135:in `call_app'
web-console (3.7.0) lib/web_console/middleware.rb:30:in `block in call'
web-console (3.7.0) lib/web_console/middleware.rb:20:in `catch'
web-console (3.7.0) lib/web_console/middleware.rb:20:in `call'
actionpack (5.2.4) lib/action_dispatch/middleware/show_exceptions.rb:33:in `call'
railties (5.2.4) lib/rails/rack/logger.rb:38:in `call_app'
railties (5.2.4) lib/rails/rack/logger.rb:26:in `block in call'
activesupport (5.2.4) lib/active_support/tagged_logging.rb:71:in `block in tagged'
activesupport (5.2.4) lib/active_support/tagged_logging.rb:28:in `tagged'
activesupport (5.2.4) lib/active_support/tagged_logging.rb:71:in `tagged'
railties (5.2.4) lib/rails/rack/logger.rb:26:in `call'
sprockets-rails (3.2.1) lib/sprockets/rails/quiet_assets.rb:13:in `call'
actionpack (5.2.4) lib/action_dispatch/middleware/remote_ip.rb:81:in `call'
actionpack (5.2.4) lib/action_dispatch/middleware/request_id.rb:27:in `call'
rack (2.0.7) lib/rack/method_override.rb:22:in `call'
rack (2.0.7) lib/rack/runtime.rb:22:in `call'
activesupport (5.2.4) lib/active_support/cache/strategy/local_cache_middleware.rb:29:in `call'
actionpack (5.2.4) lib/action_dispatch/middleware/executor.rb:14:in `call'
actionpack (5.2.4) lib/action_dispatch/middleware/static.rb:127:in `call'
rack (2.0.7) lib/rack/sendfile.rb:111:in `call'
railties (5.2.4) lib/rails/engine.rb:524:in `call'
puma (3.12.1) lib/puma/configuration.rb:227:in `call'
puma (3.12.1) lib/puma/server.rb:660:in `handle_request'
puma (3.12.1) lib/puma/server.rb:474:in `process_client'
puma (3.12.1) lib/puma/server.rb:334:in `block in run'
puma (3.12.1) lib/puma/thread_pool.rb:135:in `block in spawn_thread'
Started GET "/cars" for ::1 at 2019-12-02 01:39:24 -0700
Processing by CarsController#index as HTML
  Rendering cars/index.html.erb within layouts/application
  [1m[36mCar Load (0.3ms)[0m  [1m[34mSELECT "cars".* FROM "cars"[0m
  ↳ app/views/cars/index.html.erb:17
  Rendered cars/index.html.erb within layouts/application (6.6ms)
Completed 200 OK in 353ms (Views: 313.4ms | ActiveRecord: 0.7ms)


Started GET "/cars/new" for ::1 at 2019-12-02 01:39:30 -0700
Processing by CarsController#new as HTML
  Rendering cars/new.html.erb within layouts/application
  [1m[36mMake Load (0.3ms)[0m  [1m[34mSELECT "makes".* FROM "makes"[0m
  ↳ app/views/cars/_form.html.erb:31
  Rendered cars/_form.html.erb (73.3ms)
  Rendered cars/new.html.erb within layouts/application (93.0ms)
Completed 500 Internal Server Error in 208ms (ActiveRecord: 2.9ms)


  
ActionView::Template::Error (uninitialized constant Car::CarPart):
    33: 
    34:   <div class="field">
    35:     <%= form.label :car_parts %><br>
    36:     <%= form.collection_select(:part_ids, @parts, :id, :name) %>
    37:   </div>
    38: 
    39:   <div class="actions">
  
app/views/cars/_form.html.erb:36:in `block in _app_views_cars__form_html_erb__970850304_81740400'
app/views/cars/_form.html.erb:1:in `_app_views_cars__form_html_erb__970850304_81740400'
app/views/cars/new.html.erb:3:in `_app_views_cars_new_html_erb__641515676_102044580'
Started GET "/cars/new" for ::1 at 2019-12-02 01:39:54 -0700
Processing by CarsController#new as HTML
  Rendering cars/new.html.erb within layouts/application
  [1m[36mMake Load (0.2ms)[0m  [1m[34mSELECT "makes".* FROM "makes"[0m
  ↳ app/views/cars/_form.html.erb:31
  Rendered cars/_form.html.erb (6.2ms)
  Rendered cars/new.html.erb within layouts/application (28.7ms)
Completed 200 OK in 176ms (Views: 150.8ms | ActiveRecord: 0.2ms)


Started POST "/cars" for ::1 at 2019-12-02 01:40:16 -0700
Processing by CarsController#create as HTML
  Parameters: {"utf8"=>"✓", "authenticity_token"=>"0vzJyYHAi84dtMEaJdwA/HxPycn50oSaMfE1a8QXXxzKmTMlmCmzgGZK2QuKLoQT7cKP7qujs+aRG3SuMsat9w==", "car"=>{"name"=>"Honda", "model"=>"Civic", "vin"=>"12223", "make_id"=>"1"}, "commit"=>"Create Car"}
Unpermitted parameter: :name
  [1m[35m (0.1ms)[0m  [1m[36mbegin transaction[0m
  ↳ app/controllers/cars_controller.rb:32
  [1m[36mMake Load (0.3ms)[0m  [1m[34mSELECT  "makes".* FROM "makes" WHERE "makes"."id" = ? LIMIT ?[0m  [["id", 1], ["LIMIT", 1]]
  ↳ app/controllers/cars_controller.rb:32
  [1m[36mCar Create (1.1ms)[0m  [1m[32mINSERT INTO "cars" ("model", "vin", "make_id", "created_at", "updated_at") VALUES (?, ?, ?, ?, ?)[0m  [["model", "Civic"], ["vin", "12223"], ["make_id", 1], ["created_at", "2019-12-02 08:40:16.874239"], ["updated_at", "2019-12-02 08:40:16.874239"]]
  ↳ app/controllers/cars_controller.rb:32
  [1m[35m (10.9ms)[0m  [1m[36mcommit transaction[0m
  ↳ app/controllers/cars_controller.rb:32
Redirected to http://localhost:3000/cars/1
Completed 302 Found in 54ms (ActiveRecord: 12.5ms)


Started GET "/cars/1" for ::1 at 2019-12-02 01:40:16 -0700
Processing by CarsController#show as HTML
  Parameters: {"id"=>"1"}
  [1m[36mCar Load (0.4ms)[0m  [1m[34mSELECT  "cars".* FROM "cars" WHERE "cars"."id" = ? LIMIT ?[0m  [["id", 1], ["LIMIT", 1]]
  ↳ app/controllers/cars_controller.rb:69
  Rendering cars/show.html.erb within layouts/application
  Rendered cars/show.html.erb within layouts/application (27.8ms)
Completed 500 Internal Server Error in 134ms (ActiveRecord: 0.4ms)


  
ActionView::Template::Error (undefined method `name' for #<Car:0x000000000c9be2e8>):
    3: 
    4: <p>
    5:   <strong>Name:</strong>
    6:   <%= @car.name %>
    7: </p>
    8: 
    9: <p>
  
app/views/cars/show.html.erb:6:in `_app_views_cars_show_html_erb__491039723_105768900'
Started GET "/cars/1" for ::1 at 2019-12-02 01:41:06 -0700
Processing by CarsController#show as HTML
  Parameters: {"id"=>"1"}
  [1m[36mCar Load (0.3ms)[0m  [1m[34mSELECT  "cars".* FROM "cars" WHERE "cars"."id" = ? LIMIT ?[0m  [["id", 1], ["LIMIT", 1]]
  ↳ app/controllers/cars_controller.rb:69
  Rendering cars/show.html.erb within layouts/application
  [1m[36mMake Load (0.2ms)[0m  [1m[34mSELECT  "makes".* FROM "makes" WHERE "makes"."id" = ? LIMIT ?[0m  [["id", 1], ["LIMIT", 1]]
  ↳ app/views/cars/show.html.erb:6
  Rendered cars/show.html.erb within layouts/application (29.0ms)
Completed 500 Internal Server Error in 122ms (ActiveRecord: 0.5ms)


  
ActionView::Template::Error (uninitialized constant Car::CarPart):
    24: 
    25: <p>
    26:   <strong>Part:</strong>
    27:   <% @car.parts.each do |part| %>
    28:   <li><%= part.name %></li>
    29: <% end %>
    30: </p>
  
app/views/cars/show.html.erb:27:in `_app_views_cars_show_html_erb__491039723_84460920'
Started GET "/cars/1" for ::1 at 2019-12-02 01:41:59 -0700
Processing by CarsController#show as HTML
  Parameters: {"id"=>"1"}
  [1m[36mCar Load (0.4ms)[0m  [1m[34mSELECT  "cars".* FROM "cars" WHERE "cars"."id" = ? LIMIT ?[0m  [["id", 1], ["LIMIT", 1]]
  ↳ app/controllers/cars_controller.rb:69
  Rendering cars/show.html.erb within layouts/application
  [1m[36mMake Load (0.6ms)[0m  [1m[34mSELECT  "makes".* FROM "makes" WHERE "makes"."id" = ? LIMIT ?[0m  [["id", 1], ["LIMIT", 1]]
  ↳ app/views/cars/show.html.erb:7
  Rendered cars/show.html.erb within layouts/application (40.7ms)
Completed 500 Internal Server Error in 184ms (ActiveRecord: 1.1ms)


  
ActionView::Template::Error (uninitialized constant Car::CarPart):
    20: 
    21: <p>
    22:   <strong>Part:</strong>
    23:   <% @car.parts.each do |part| %>
    24:   <li><%= part.name %></li>
    25: <% end %>
    26: </p>
  
app/views/cars/show.html.erb:23:in `_app_views_cars_show_html_erb__491039723_100036680'
Started GET "/cars/1" for ::1 at 2019-12-02 01:43:00 -0700
Processing by CarsController#show as HTML
  Parameters: {"id"=>"1"}
  [1m[36mCar Load (0.3ms)[0m  [1m[34mSELECT  "cars".* FROM "cars" WHERE "cars"."id" = ? LIMIT ?[0m  [["id", 1], ["LIMIT", 1]]
  ↳ app/controllers/cars_controller.rb:69
  Rendering cars/show.html.erb within layouts/application
  [1m[36mMake Load (0.2ms)[0m  [1m[34mSELECT  "makes".* FROM "makes" WHERE "makes"."id" = ? LIMIT ?[0m  [["id", 1], ["LIMIT", 1]]
  ↳ app/views/cars/show.html.erb:7
  Rendered cars/show.html.erb within layouts/application (29.4ms)
Completed 500 Internal Server Error in 123ms (ActiveRecord: 0.5ms)


  
ActionView::Template::Error (uninitialized constant Car::CarPart):
    24: 
    25: <p>
    26:   <strong>Part:</strong>
    27:   <% @car.parts.each do |part| %>
    28:   <li><%= part.name %></li>
    29: <% end %>
    30: </p>
  
app/views/cars/show.html.erb:27:in `_app_views_cars_show_html_erb__491039723_102108100'
Started GET "/" for ::1 at 2019-12-02 10:04:18 -0700
  [1m[35m (0.4ms)[0m  [1m[34mSELECT "schema_migrations"."version" FROM "schema_migrations" ORDER BY "schema_migrations"."version" ASC[0m
  ↳ C:/Ruby24-x64/lib/ruby/gems/2.4.0/gems/activerecord-5.2.4/lib/active_record/log_subscriber.rb:98
Processing by Rails::WelcomeController#index as HTML
  Rendering C:/Ruby24-x64/lib/ruby/gems/2.4.0/gems/railties-5.2.4/lib/rails/templates/rails/welcome/index.html.erb
  Rendered C:/Ruby24-x64/lib/ruby/gems/2.4.0/gems/railties-5.2.4/lib/rails/templates/rails/welcome/index.html.erb (10.4ms)
Completed 200 OK in 182ms (Views: 95.9ms | ActiveRecord: 0.0ms)


Started GET "/" for ::1 at 2019-12-02 10:05:27 -0700
Processing by CarsController#index as HTML
  Rendering cars/index.html.erb within layouts/application
  [1m[36mCar Load (0.2ms)[0m  [1m[34mSELECT "cars".* FROM "cars"[0m
  ↳ app/views/cars/index.html.erb:17
  Rendered cars/index.html.erb within layouts/application (50.3ms)
Completed 500 Internal Server Error in 173ms (ActiveRecord: 2.3ms)


  
ActionView::Template::Error (undefined method `name' for #<Car:0x0000000006499598>):
    16:   <tbody>
    17:     <% @cars.each do |car| %>
    18:       <tr>
    19:         <td><%= car.name %></td>
    20:         <td><%= car.model %></td>
    21:         <td><%= car.vin %></td>
    22:         <td><%= car.make.name %></td>
  
app/views/cars/index.html.erb:19:in `block in _app_views_cars_index_html_erb__901731589_53732540'
app/views/cars/index.html.erb:17:in `_app_views_cars_index_html_erb__901731589_53732540'
Started GET "/" for ::1 at 2019-12-02 10:05:54 -0700
  [1m[35m (0.3ms)[0m  [1m[34mSELECT "schema_migrations"."version" FROM "schema_migrations" ORDER BY "schema_migrations"."version" ASC[0m
  ↳ C:/Ruby24-x64/lib/ruby/gems/2.4.0/gems/activerecord-5.2.4/lib/active_record/log_subscriber.rb:98
Processing by CarsController#index as HTML
  Rendering cars/index.html.erb within layouts/application
  [1m[36mCar Load (0.7ms)[0m  [1m[34mSELECT "cars".* FROM "cars"[0m
  ↳ app/views/cars/index.html.erb:17
  Rendered cars/index.html.erb within layouts/application (43.4ms)
Completed 500 Internal Server Error in 156ms (ActiveRecord: 1.7ms)


  
ActionView::Template::Error (undefined method `name' for #<Car:0x00000000098c7608>):
    16:   <tbody>
    17:     <% @cars.each do |car| %>
    18:       <tr>
    19:         <td><%= car.name %></td>
    20:         <td><%= car.model %></td>
    21:         <td><%= car.vin %></td>
    22:         <td><%= car.make.name %></td>
  
app/views/cars/index.html.erb:19:in `block in _app_views_cars_index_html_erb__803247183_56227520'
app/views/cars/index.html.erb:17:in `_app_views_cars_index_html_erb__803247183_56227520'
Started GET "/" for ::1 at 2019-12-02 10:07:16 -0700
Processing by CarsController#index as HTML
  Rendering cars/index.html.erb within layouts/application
  [1m[36mCar Load (0.4ms)[0m  [1m[34mSELECT "cars".* FROM "cars"[0m
  ↳ app/views/cars/index.html.erb:17
  [1m[36mMake Load (0.3ms)[0m  [1m[34mSELECT  "makes".* FROM "makes" WHERE "makes"."id" = ? LIMIT ?[0m  [["id", 1], ["LIMIT", 1]]
  ↳ app/views/cars/index.html.erb:21
  Rendered cars/index.html.erb within layouts/application (101.8ms)
Completed 200 OK in 627ms (Views: 607.8ms | ActiveRecord: 1.6ms)


Started GET "/cars/new" for ::1 at 2019-12-02 10:07:22 -0700
Processing by CarsController#new as HTML
  Rendering cars/new.html.erb within layouts/application
  [1m[36mMake Load (0.3ms)[0m  [1m[34mSELECT "makes".* FROM "makes"[0m
  ↳ app/views/cars/_form.html.erb:31
  Rendered cars/_form.html.erb (102.2ms)
  Rendered cars/new.html.erb within layouts/application (122.2ms)
Completed 200 OK in 238ms (Views: 214.9ms | ActiveRecord: 0.3ms)


Started GET "/makes" for ::1 at 2019-12-02 10:07:42 -0700
Processing by MakesController#index as HTML
  Rendering makes/index.html.erb within layouts/application
  [1m[36mMake Load (0.2ms)[0m  [1m[34mSELECT "makes".* FROM "makes"[0m
  ↳ app/views/makes/index.html.erb:15
  Rendered makes/index.html.erb within layouts/application (3.9ms)
Completed 200 OK in 117ms (Views: 98.3ms | ActiveRecord: 0.2ms)


Started GET "/makes/new" for ::1 at 2019-12-02 10:07:45 -0700
Processing by MakesController#new as HTML
  Rendering makes/new.html.erb within layouts/application
  Rendered makes/_form.html.erb (1.7ms)
  Rendered makes/new.html.erb within layouts/application (18.9ms)
Completed 200 OK in 120ms (Views: 104.8ms | ActiveRecord: 0.0ms)


Started POST "/makes" for ::1 at 2019-12-02 10:08:08 -0700
Processing by MakesController#create as HTML
  Parameters: {"utf8"=>"✓", "authenticity_token"=>"DRSJTzTWRkzQbEOMyXiAJmNaMvEOXxITWwIW4quM5N6b0dftOaE6FBzwlIOAuWxJNmrDOUwg9YlAs50GvSaEuA==", "make"=>{"name"=>"Toyota", "country"=>"Japan"}, "commit"=>"Create Make"}
  [1m[35m (0.1ms)[0m  [1m[36mbegin transaction[0m
  ↳ app/controllers/makes_controller.rb:30
  [1m[36mMake Create (1.2ms)[0m  [1m[32mINSERT INTO "makes" ("name", "country", "created_at", "updated_at") VALUES (?, ?, ?, ?)[0m  [["name", "Toyota"], ["country", "Japan"], ["created_at", "2019-12-02 17:08:08.285422"], ["updated_at", "2019-12-02 17:08:08.285422"]]
  ↳ app/controllers/makes_controller.rb:30
  [1m[35m (11.0ms)[0m  [1m[36mcommit transaction[0m
  ↳ app/controllers/makes_controller.rb:30
Redirected to http://localhost:3000/makes/2
Completed 302 Found in 23ms (ActiveRecord: 12.3ms)


Started GET "/makes/2" for ::1 at 2019-12-02 10:08:08 -0700
Processing by MakesController#show as HTML
  Parameters: {"id"=>"2"}
  [1m[36mMake Load (0.2ms)[0m  [1m[34mSELECT  "makes".* FROM "makes" WHERE "makes"."id" = ? LIMIT ?[0m  [["id", 2], ["LIMIT", 1]]
  ↳ app/controllers/makes_controller.rb:67
  Rendering makes/show.html.erb within layouts/application
  [1m[36mCar Load (0.6ms)[0m  [1m[34mSELECT "cars".* FROM "cars" WHERE "cars"."make_id" = ?[0m  [["make_id", 2]]
  ↳ app/views/makes/show.html.erb:14
  Rendered makes/show.html.erb within layouts/application (36.3ms)
Completed 200 OK in 154ms (Views: 128.2ms | ActiveRecord: 0.8ms)


Started GET "/makes" for ::1 at 2019-12-02 10:08:11 -0700
Processing by MakesController#index as HTML
  Rendering makes/index.html.erb within layouts/application
  [1m[36mMake Load (0.2ms)[0m  [1m[34mSELECT "makes".* FROM "makes"[0m
  ↳ app/views/makes/index.html.erb:15
  Rendered makes/index.html.erb within layouts/application (2.5ms)
Completed 200 OK in 120ms (Views: 102.3ms | ActiveRecord: 0.2ms)


Started GET "/cars" for ::1 at 2019-12-02 10:08:17 -0700
Processing by CarsController#index as HTML
  Rendering cars/index.html.erb within layouts/application
  [1m[36mCar Load (0.5ms)[0m  [1m[34mSELECT "cars".* FROM "cars"[0m
  ↳ app/views/cars/index.html.erb:17
  [1m[36mMake Load (0.2ms)[0m  [1m[34mSELECT  "makes".* FROM "makes" WHERE "makes"."id" = ? LIMIT ?[0m  [["id", 1], ["LIMIT", 1]]
  ↳ app/views/cars/index.html.erb:21
  Rendered cars/index.html.erb within layouts/application (7.8ms)
Completed 200 OK in 123ms (Views: 103.5ms | ActiveRecord: 0.8ms)


Started GET "/cars/new" for ::1 at 2019-12-02 10:08:19 -0700
Processing by CarsController#new as HTML
  Rendering cars/new.html.erb within layouts/application
  [1m[36mMake Load (0.3ms)[0m  [1m[34mSELECT "makes".* FROM "makes"[0m
  ↳ app/views/cars/_form.html.erb:31
  Rendered cars/_form.html.erb (5.7ms)
  Rendered cars/new.html.erb within layouts/application (23.6ms)
Completed 200 OK in 147ms (Views: 128.4ms | ActiveRecord: 0.3ms)


Started POST "/cars" for ::1 at 2019-12-02 10:08:37 -0700
Processing by CarsController#create as HTML
  Parameters: {"utf8"=>"✓", "authenticity_token"=>"6QpTO+/UwJ7vIH2CwJmjzt5FgieYM7EyJMD53wv/mcLZPwmPX9Zggl7LwBFAe9qVW6W8A0rWJu6yiBbQy6eEUQ==", "car"=>{"name"=>"My Car", "model"=>"Camry", "vin"=>"12345", "make_id"=>"2"}, "commit"=>"Create Car"}
Unpermitted parameter: :name
  [1m[35m (0.1ms)[0m  [1m[36mbegin transaction[0m
  ↳ app/controllers/cars_controller.rb:32
  [1m[36mMake Load (0.2ms)[0m  [1m[34mSELECT  "makes".* FROM "makes" WHERE "makes"."id" = ? LIMIT ?[0m  [["id", 2], ["LIMIT", 1]]
  ↳ app/controllers/cars_controller.rb:32
  [1m[36mCar Create (1.9ms)[0m  [1m[32mINSERT INTO "cars" ("model", "vin", "make_id", "created_at", "updated_at") VALUES (?, ?, ?, ?, ?)[0m  [["model", "Camry"], ["vin", "12345"], ["make_id", 2], ["created_at", "2019-12-02 17:08:37.911876"], ["updated_at", "2019-12-02 17:08:37.911876"]]
  ↳ app/controllers/cars_controller.rb:32
  [1m[35m (12.3ms)[0m  [1m[36mcommit transaction[0m
  ↳ app/controllers/cars_controller.rb:32
Redirected to http://localhost:3000/cars/2
Completed 302 Found in 33ms (ActiveRecord: 14.5ms)


Started GET "/cars/2" for ::1 at 2019-12-02 10:08:37 -0700
Processing by CarsController#show as HTML
  Parameters: {"id"=>"2"}
  [1m[36mCar Load (0.3ms)[0m  [1m[34mSELECT  "cars".* FROM "cars" WHERE "cars"."id" = ? LIMIT ?[0m  [["id", 2], ["LIMIT", 1]]
  ↳ app/controllers/cars_controller.rb:69
  Rendering cars/show.html.erb within layouts/application
  [1m[36mMake Load (0.4ms)[0m  [1m[34mSELECT  "makes".* FROM "makes" WHERE "makes"."id" = ? LIMIT ?[0m  [["id", 2], ["LIMIT", 1]]
  ↳ app/views/cars/show.html.erb:7
  Rendered cars/show.html.erb within layouts/application (80.3ms)
Completed 500 Internal Server Error in 156ms (ActiveRecord: 0.7ms)


  
ActionView::Template::Error (uninitialized constant Car::CarPart):
    24: 
    25: <p>
    26:   <strong>Part:</strong>
    27:   <% @car.parts.each do |part| %>
    28:   <li><%= part.name %></li>
    29: <% end %>
    30: </p>
  
app/views/cars/show.html.erb:27:in `_app_views_cars_show_html_erb__778458450_83487900'
Started GET "/" for ::1 at 2019-12-02 17:40:27 -0700
  [1m[35m (0.2ms)[0m  [1m[34mSELECT "schema_migrations"."version" FROM "schema_migrations" ORDER BY "schema_migrations"."version" ASC[0m
  ↳ C:/Ruby24-x64/lib/ruby/gems/2.4.0/gems/activerecord-5.2.4/lib/active_record/log_subscriber.rb:98
Processing by CarsController#index as HTML
  Rendering cars/index.html.erb within layouts/application
  [1m[36mCar Load (0.4ms)[0m  [1m[34mSELECT "cars".* FROM "cars"[0m
  ↳ app/views/cars/index.html.erb:17
  [1m[36mMake Load (0.2ms)[0m  [1m[34mSELECT  "makes".* FROM "makes" WHERE "makes"."id" = ? LIMIT ?[0m  [["id", 1], ["LIMIT", 1]]
  ↳ app/views/cars/index.html.erb:21
  [1m[36mMake Load (0.2ms)[0m  [1m[34mSELECT  "makes".* FROM "makes" WHERE "makes"."id" = ? LIMIT ?[0m  [["id", 2], ["LIMIT", 1]]
  ↳ app/views/cars/index.html.erb:21
  Rendered cars/index.html.erb within layouts/application (115.3ms)
Completed 200 OK in 563ms (Views: 487.2ms | ActiveRecord: 3.0ms)


Started GET "/cars/new" for ::1 at 2019-12-02 17:40:49 -0700
Processing by CarsController#new as HTML
  Rendering cars/new.html.erb within layouts/application
  [1m[36mMake Load (0.2ms)[0m  [1m[34mSELECT "makes".* FROM "makes"[0m
  ↳ app/views/cars/_form.html.erb:31
  Rendered cars/_form.html.erb (100.3ms)
  Rendered cars/new.html.erb within layouts/application (148.0ms)
Completed 200 OK in 272ms (Views: 246.1ms | ActiveRecord: 0.2ms)


Started POST "/cars" for ::1 at 2019-12-02 17:41:10 -0700
Processing by CarsController#create as HTML
  Parameters: {"utf8"=>"✓", "authenticity_token"=>"7+tPRVOr9SS5mUoHcF/2wOg56+765R8xQu9Y+crs+djNWr8pIyOJpHmPjflyhN31ZH0U+91ye7R1Wu/JpaKJOQ==", "car"=>{"name"=>"Civic", "model"=>"Si", "vin"=>"1111111", "make_id"=>"1"}, "commit"=>"Create Car"}
Unpermitted parameter: :name
  [1m[35m (0.1ms)[0m  [1m[36mbegin transaction[0m
  ↳ app/controllers/cars_controller.rb:32
  [1m[36mMake Load (0.3ms)[0m  [1m[34mSELECT  "makes".* FROM "makes" WHERE "makes"."id" = ? LIMIT ?[0m  [["id", 1], ["LIMIT", 1]]
  ↳ app/controllers/cars_controller.rb:32
  [1m[36mCar Create (0.9ms)[0m  [1m[32mINSERT INTO "cars" ("model", "vin", "make_id", "created_at", "updated_at") VALUES (?, ?, ?, ?, ?)[0m  [["model", "Si"], ["vin", "1111111"], ["make_id", 1], ["created_at", "2019-12-03 00:41:10.071868"], ["updated_at", "2019-12-03 00:41:10.071868"]]
  ↳ app/controllers/cars_controller.rb:32
  [1m[35m (11.2ms)[0m  [1m[36mcommit transaction[0m
  ↳ app/controllers/cars_controller.rb:32
Redirected to http://localhost:3000/cars/3
Completed 302 Found in 25ms (ActiveRecord: 12.5ms)


Started GET "/cars/3" for ::1 at 2019-12-02 17:41:10 -0700
Processing by CarsController#show as HTML
  Parameters: {"id"=>"3"}
  [1m[36mCar Load (0.4ms)[0m  [1m[34mSELECT  "cars".* FROM "cars" WHERE "cars"."id" = ? LIMIT ?[0m  [["id", 3], ["LIMIT", 1]]
  ↳ app/controllers/cars_controller.rb:69
  Rendering cars/show.html.erb within layouts/application
  [1m[36mMake Load (0.2ms)[0m  [1m[34mSELECT  "makes".* FROM "makes" WHERE "makes"."id" = ? LIMIT ?[0m  [["id", 1], ["LIMIT", 1]]
  ↳ app/views/cars/show.html.erb:7
  Rendered cars/show.html.erb within layouts/application (80.0ms)
Completed 500 Internal Server Error in 152ms (ActiveRecord: 0.6ms)


  
ActionView::Template::Error (uninitialized constant Car::CarPart):
    24: 
    25: <p>
    26:   <strong>Part:</strong>
    27:   <% @car.parts.each do |part| %>
    28:   <li><%=  %></li>
    29: <% end %>
    30: </p>
  
app/views/cars/show.html.erb:27:in `_app_views_cars_show_html_erb__658244446_96240840'
Started GET "/cars/3" for ::1 at 2019-12-02 17:42:44 -0700
Processing by CarsController#show as HTML
  Parameters: {"id"=>"3"}
  [1m[36mCar Load (0.2ms)[0m  [1m[34mSELECT  "cars".* FROM "cars" WHERE "cars"."id" = ? LIMIT ?[0m  [["id", 3], ["LIMIT", 1]]
  ↳ app/controllers/cars_controller.rb:69
  Rendering cars/show.html.erb within layouts/application
  [1m[36mMake Load (0.3ms)[0m  [1m[34mSELECT  "makes".* FROM "makes" WHERE "makes"."id" = ? LIMIT ?[0m  [["id", 1], ["LIMIT", 1]]
  ↳ app/views/cars/show.html.erb:7
  Rendered cars/show.html.erb within layouts/application (24.6ms)
Completed 500 Internal Server Error in 98ms (ActiveRecord: 0.6ms)


  
ActionView::Template::Error (uninitialized constant Car::CarPart):
    24: 
    25: <p>
    26:   <strong>Part:</strong>
    27:   <% @car.parts.each do |part| %>
    28:   <li><%=part.name  %></li>
    29: <% end %>
    30: </p>
  
app/views/cars/show.html.erb:27:in `_app_views_cars_show_html_erb__658244446_99568060'
Started GET "/cars/3" for ::1 at 2019-12-02 17:43:10 -0700
Processing by CarsController#show as HTML
  Parameters: {"id"=>"3"}
  [1m[36mCar Load (0.8ms)[0m  [1m[34mSELECT  "cars".* FROM "cars" WHERE "cars"."id" = ? LIMIT ?[0m  [["id", 3], ["LIMIT", 1]]
  ↳ app/controllers/cars_controller.rb:69
  Rendering cars/show.html.erb within layouts/application
  [1m[36mMake Load (0.2ms)[0m  [1m[34mSELECT  "makes".* FROM "makes" WHERE "makes"."id" = ? LIMIT ?[0m  [["id", 1], ["LIMIT", 1]]
  ↳ app/views/cars/show.html.erb:7
  Rendered cars/show.html.erb within layouts/application (36.5ms)
Completed 500 Internal Server Error in 140ms (ActiveRecord: 1.0ms)


  
ActionView::Template::Error (uninitialized constant Car::CarPart):
    24: 
    25: <p>
    26:   <strong>Part:</strong>
    27:   <% @car.parts.each do |part| %>
    28:   <li><%= part.name  %></li>
    29: <% end %>
    30: </p>
  
app/views/cars/show.html.erb:27:in `_app_views_cars_show_html_erb__658244446_97850060'
Started GET "/cars/2" for ::1 at 2019-12-02 17:43:27 -0700
Processing by CarsController#show as HTML
  Parameters: {"id"=>"2"}
  [1m[36mCar Load (0.2ms)[0m  [1m[34mSELECT  "cars".* FROM "cars" WHERE "cars"."id" = ? LIMIT ?[0m  [["id", 2], ["LIMIT", 1]]
  ↳ app/controllers/cars_controller.rb:69
  Rendering cars/show.html.erb within layouts/application
  [1m[36mMake Load (0.2ms)[0m  [1m[34mSELECT  "makes".* FROM "makes" WHERE "makes"."id" = ? LIMIT ?[0m  [["id", 2], ["LIMIT", 1]]
  ↳ app/views/cars/show.html.erb:7
  Rendered cars/show.html.erb within layouts/application (23.2ms)
Completed 500 Internal Server Error in 97ms (ActiveRecord: 0.4ms)


  
ActionView::Template::Error (uninitialized constant Car::CarPart):
    24: 
    25: <p>
    26:   <strong>Part:</strong>
    27:   <% @car.parts.each do |part| %>
    28:   <li><%= part.name  %></li>
    29: <% end %>
    30: </p>
  
app/views/cars/show.html.erb:27:in `_app_views_cars_show_html_erb__658244446_94699680'
Started GET "/cars" for ::1 at 2019-12-02 17:43:30 -0700
Processing by CarsController#index as HTML
  Rendering cars/index.html.erb within layouts/application
  [1m[36mCar Load (0.5ms)[0m  [1m[34mSELECT "cars".* FROM "cars"[0m
  ↳ app/views/cars/index.html.erb:17
  [1m[36mMake Load (0.4ms)[0m  [1m[34mSELECT  "makes".* FROM "makes" WHERE "makes"."id" = ? LIMIT ?[0m  [["id", 1], ["LIMIT", 1]]
  ↳ app/views/cars/index.html.erb:21
  [1m[36mMake Load (0.2ms)[0m  [1m[34mSELECT  "makes".* FROM "makes" WHERE "makes"."id" = ? LIMIT ?[0m  [["id", 2], ["LIMIT", 1]]
  ↳ app/views/cars/index.html.erb:21
  [1m[36mCACHE Make Load (0.0ms)[0m  [1m[34mSELECT  "makes".* FROM "makes" WHERE "makes"."id" = ? LIMIT ?[0m  [["id", 1], ["LIMIT", 1]]
  ↳ app/views/cars/index.html.erb:21
  Rendered cars/index.html.erb within layouts/application (810.5ms)
Completed 200 OK in 1302ms (Views: 1263.1ms | ActiveRecord: 1.0ms)


Started GET "/cars/new" for ::1 at 2019-12-02 17:43:52 -0700
Processing by CarsController#new as HTML
  Rendering cars/new.html.erb within layouts/application
  [1m[36mMake Load (0.3ms)[0m  [1m[34mSELECT "makes".* FROM "makes"[0m
  ↳ app/views/cars/_form.html.erb:31
  Rendered cars/_form.html.erb (9.5ms)
  Rendered cars/new.html.erb within layouts/application (27.1ms)
Completed 200 OK in 148ms (Views: 130.0ms | ActiveRecord: 0.3ms)


Started POST "/cars" for ::1 at 2019-12-02 17:44:02 -0700
Processing by CarsController#create as HTML
  Parameters: {"utf8"=>"✓", "authenticity_token"=>"bnD1xYjCm1t+VY0ENkbXPNLBCrKA6h3EeG0ci0EpSlxMwQWp+Ern275DSvo0nfwJXoX1p6d9eUFP2Ku7Lmc6vQ==", "car"=>{"name"=>"qwe", "model"=>"qwdd", "vin"=>"1345trdesaec", "make_id"=>"2"}, "commit"=>"Create Car"}
Unpermitted parameter: :name
  [1m[35m (0.1ms)[0m  [1m[36mbegin transaction[0m
  ↳ app/controllers/cars_controller.rb:32
  [1m[36mMake Load (0.6ms)[0m  [1m[34mSELECT  "makes".* FROM "makes" WHERE "makes"."id" = ? LIMIT ?[0m  [["id", 2], ["LIMIT", 1]]
  ↳ app/controllers/cars_controller.rb:32
  [1m[36mCar Create (1.1ms)[0m  [1m[32mINSERT INTO "cars" ("model", "vin", "make_id", "created_at", "updated_at") VALUES (?, ?, ?, ?, ?)[0m  [["model", "qwdd"], ["vin", "1345trdesaec"], ["make_id", 2], ["created_at", "2019-12-03 00:44:02.181948"], ["updated_at", "2019-12-03 00:44:02.181948"]]
  ↳ app/controllers/cars_controller.rb:32
  [1m[35m (10.9ms)[0m  [1m[36mcommit transaction[0m
  ↳ app/controllers/cars_controller.rb:32
Redirected to http://localhost:3000/cars/4
Completed 302 Found in 40ms (ActiveRecord: 12.6ms)


Started GET "/cars/4" for ::1 at 2019-12-02 17:44:02 -0700
Processing by CarsController#show as HTML
  Parameters: {"id"=>"4"}
  [1m[36mCar Load (0.4ms)[0m  [1m[34mSELECT  "cars".* FROM "cars" WHERE "cars"."id" = ? LIMIT ?[0m  [["id", 4], ["LIMIT", 1]]
  ↳ app/controllers/cars_controller.rb:69
  Rendering cars/show.html.erb within layouts/application
  [1m[36mMake Load (0.5ms)[0m  [1m[34mSELECT  "makes".* FROM "makes" WHERE "makes"."id" = ? LIMIT ?[0m  [["id", 2], ["LIMIT", 1]]
  ↳ app/views/cars/show.html.erb:7
  Rendered cars/show.html.erb within layouts/application (26.7ms)
Completed 500 Internal Server Error in 105ms (ActiveRecord: 0.9ms)


  
ActionView::Template::Error (uninitialized constant Car::CarPart):
    24: 
    25: <p>
    26:   <strong>Part:</strong>
    27:   <% @car.parts.each do |part| %>
    28:   <li><%= part.name  %></li>
    29: <% end %>
    30: </p>
  
app/views/cars/show.html.erb:27:in `_app_views_cars_show_html_erb__658244446_96278680'
Started GET "/cars" for ::1 at 2019-12-02 17:44:12 -0700
Processing by CarsController#index as HTML
  Rendering cars/index.html.erb within layouts/application
  [1m[36mCar Load (0.2ms)[0m  [1m[34mSELECT "cars".* FROM "cars"[0m
  ↳ app/views/cars/index.html.erb:17
  [1m[36mMake Load (0.1ms)[0m  [1m[34mSELECT  "makes".* FROM "makes" WHERE "makes"."id" = ? LIMIT ?[0m  [["id", 1], ["LIMIT", 1]]
  ↳ app/views/cars/index.html.erb:21
  [1m[36mMake Load (0.3ms)[0m  [1m[34mSELECT  "makes".* FROM "makes" WHERE "makes"."id" = ? LIMIT ?[0m  [["id", 2], ["LIMIT", 1]]
  ↳ app/views/cars/index.html.erb:21
  [1m[36mCACHE Make Load (0.0ms)[0m  [1m[34mSELECT  "makes".* FROM "makes" WHERE "makes"."id" = ? LIMIT ?[0m  [["id", 1], ["LIMIT", 1]]
  ↳ app/views/cars/index.html.erb:21
  [1m[36mCACHE Make Load (0.0ms)[0m  [1m[34mSELECT  "makes".* FROM "makes" WHERE "makes"."id" = ? LIMIT ?[0m  [["id", 2], ["LIMIT", 1]]
  ↳ app/views/cars/index.html.erb:21
  Rendered cars/index.html.erb within layouts/application (13.5ms)
Completed 200 OK in 142ms (Views: 121.0ms | ActiveRecord: 0.7ms)


